<?xml version="1.0" encoding="UTF-8"?>
<!-- Generated by org.testng.reporters.JUnitReportReporter -->
<testsuite hostname="HIABML60065" name="FirstTest" tests="3" failures="0" timestamp="21 Aug 2019 10:25:53 GMT" time="34.475" errors="0">
  <testcase name="runTest2" time="2.246" classname="FirstTest"/>
  <testcase name="runTest1" time="28.097" classname="FirstTest"/>
  <testcase name="runTest3" time="4.132" classname="FirstTest"/>
</testsuite> <!-- FirstTest -->
